Scraping 505 (school, gender) pairs with concurrency=2
Schools in DB: 771, cached: 1518
[1/505] ❌ adrian-college:womens (no name) (no email) — no URL pattern returned a parseable head-coach card
[2/505] ❌ adrian-college:mens (no name) (no email) — no URL pattern returned a parseable head-coach card
[3/505] ❌ albion-college:mens (no name) (no email) — no URL pattern returned a parseable head-coach card
[4/505] ❌ albion-college:womens (no name) (no email) — no URL pattern returned a parsea[5/332] ❌ anderson[5/505] ❌ albright-college:mens (no name) (no email) — no URL pattern returned a parseable head-coach card
[6/505] ❌ albright-college:womens (no name) (no email) — no URL pattern returned a parseable head-coach card
[7/505] ❌ alfred-university:womens (no name) (no email) — no URL pattern returned a parseable head-coach card
[8/505] ❌ alfred-university:mens (no name) (no email) — no URL pattern returned a parseable head-coach card
[9/505] ❌ augustana-college-il:womens (no name) (no email) — no URL pattern returned a parseable head-coach card
[10/505] ❌ augustana-college-il:mens (no name) (no email) — no URL pattern returned a parseable head-coach card
[11/505] ❌ austin-college:womens (no name) (no email) — no URL pattern returned a parseable head-coach card
[12/505] ❌ austin-college:mens (no name) (no email) — no URL pattern returned a parseable head-coach card
[13/505] ❌ berry-college:mens (no name) (no email) — no URL pattern returned a parseable head-coach card
[14/505] ❌ berry-college:womens (no name) (no email) — no URL pattern returned a parseable head-coach card
[15/505] ❌ bethel-university-mn:mens (no name) (no email) — no URL pattern returned a parseable head-coach card
[16/505] ❌ bethel-university-mn:womens (no name) (no email) — no URL pattern returned a parseable head-coach card
[17/505] ❌ brandeis:mens (no name) (no email) — no URL pattern returned a parseable head-coach card
[18/505] ❌ brandeis:womens (no name) (no email) — no URL pattern returned a parseable head-coach card
[19/505] ❌ bridgewater-college-va:mens (no name) (no email) — no URL pattern returned a parseable head-coach card
[20/505] ❌ bridgewater-college-va:womens (no name) (no email) — no URL pattern returned a parseable head-coach card
[21/505] ❌ capital-university:mens (no name) (no email) — no URL pattern returned a parseable head-coach card
[22/505] ❌ capital-university:womens (no name) (no email) — no URL pattern returned a parseable head-coach card
no email) — no URL pattern returned a parseable head-coach card
[24/332] ❌ cal-state-san-marcos:mens (no name) (no email) — no URL pattern returned a parseable head-coach card
[25/332] ❌ cal-state-san-bernardino:mens (no name) (no email) — no URL pattern returned a parseable head-coach card
[26/332] ❌ cal-state-san-marcos:womens (no name) (no email) — no URL pattern returned a parseable head-coach card
[27/332] ❌ carsonNewman:mens (no name) (no email) — no URL pattern returned a parseable head-coach card
[28/332] ❌ carsonNewman:womens (no name) (no email) — no URL pattern returned a parseable head-coach card
[29/332] ❌ christian-brothers:mens (no name) (no email) — no URL pattern returned a parseable head-coach card
[30/332] ❌ christian-brothers:womens (no name) (no email) — no URL pattern returned a parseable head-coach card
[31/332] ❌ csu-pueblo:mens (no name) (no email) — no URL pattern returned a parseable head-coach card
[32/332] ❌ csu-pueblo:womens (no name) (no email) — no URL pattern returned a parseable head-coach card
[33/332] ❌ commonwealth-pa:mens (no name) (no email) — no URL pattern returned a parseable head-coach card
[34/332] ❌ commonwealth-pa:womens (no name) (no email) — no URL pattern returned a parseable head-coach card
[35/332] ❌ concord:mens (no name) (no email) — no URL pattern returned a parseable head-coach card
[36/332] ❌ davenport:mens (no name) (no email) — no URL pattern returned a parseable head-coach card
[37/332] ❌ concord:womens (no name) (no email) — no URL pattern returned a parseable head-coach card
[38/332] ❌ delta-state:mens (no name) (no email) — no URL pattern returned a parseable head-coach card
[39/332] ❌ davenport:womens (no name) (no email) — no URL pattern returned a parseable head-coach card
[40/332] ❌ delta-state:womens (no name) (no email) — no URL pattern returned a parseable head-coach card
[41/332] ❌ dominican-ca:womens (no name) (no email) — no URL pattern returned a parseable head-coach card
[42/332] ❌ dominican-ca:mens (no name) (no email) — no URL pattern returned a parseable head-coach card
[43/332] ❌ east-stroudsburg:womens (no name) (no email) — no URL pattern returned a parseable head-coach card
[44/332] ❌ east-stroudsburg:mens (no name) (no email) — no URL pattern returned a parseable head-coach card
[45/332] ❌ enmu:mens (no name) (no email) — no URL pattern returned a parseable head-coach card
[46/332] ❌ enmu:womens (no name) (no email) — no URL pattern returned a parseable head-coach card
[47/332] ❌ eckerd:womens (no name) (no email) — no URL pattern returned a parseable head-coach card
[48/332] ❌ fairmont-state:mens (no name) (no email) — no URL pattern returned a parseable head-coach card
[49/332] ❌ fairmont-state:womens (no name) (no email) — no URL pattern returned a parseable head-coach card
[50/332] ❌ eckerd:mens (no name) (no email) — no URL pattern returned a parseable head-coach card
[51/332] ❌ flagler:mens (no name) (no email) — no URL pattern returned a parseable head-coach card
[52/332] ❌ flagler:womens (no name) (no email) — no URL pattern returned a parseable head-coach card
[53/332] ❌ florida-tech:mens (no name) (no email) — no URL pattern returned a parseable head-coach card
[54/332] ❌ florida-tech:womens (no name) (no email) — no URL pattern returned a parseable head-coach card
[55/332] ❌ floridasouthern:mens (no name) (no email) — no URL pattern returned a parseable head-coach card
[56/332] ❌ ferris-state:mens (no name) (no email) — no URL pattern returned a parseable head-coach card
[57/332] ❌ floridasouthern:womens (no name) (no email) — no URL pattern returned a parseable head-coach card
[58/332] ❌ fort-hays-state:mens (no name) (no email) — no URL pattern returned a parseable head-coach card
[59/332] ❌ fort-hays-state:womens (no name) (no email) — no URL pattern returned a parseable head-coach card
[60/332] ❌ fortlewis:mens (no name) (no email) — no URL pattern returned a parseable head-coach card
[61/332] ❌ fortlewis:womens (no name) (no email) — no URL pattern returned a parseable head-coach card
[62/332] ❌ gannon:mens (no name) (no email) — no URL pattern returned a parseable head-coach card
[63/332] ❌ gannon:womens (no name) (no email) — no URL pattern returned a parseable head-coach card
[64/332] ❌ georgia-southwestern:mens (no name) (no email) — no URL pattern returned a parseable head-coach card
[65/332] ❌ georgia-southwestern:womens (no name) (no email) — no URL pattern returned a parseable head-coach card
[66/332] ❌ king-tn:mens (no name) (no email) — no URL pattern returned a parseable head-coach card
[67/332] ❌ king-tn:womens (no name) (no email) — no URL pattern returned a parseable head-coach card
[68/332] ✅ iup:mens Dan Braun dbraun@iup.edu
[69/332] ❌ kutztown:mens (no name) (no email) — no URL pattern returned a parseable head-coach card
[70/332] ❌ kutztown:womens (no name) (no email) — no URL pattern returned a parseable head-coach card
[71/332] ❌ lander:mens (no name) (no email) — no URL pattern returned a parseable head-coach card
[72/332] ❌ lander:womens (no name) (no email) — no URL pattern returned a parseable head-coach card
