◇ injected env (9) from .env // tip: ⌘ custom filepath { path: '/custom/path/.env' }
Targets: 1224
[1/1224] ❌ abilene-christian:mens
[2/1224] ❌ abilene-christian:womens
[3/1224] ❌ alabama-am:mens
[4/1224] ❌ alabama-am:womens
[5/1224] ❌ american:mens
[6/1224] ❌ american:womens
[7/1224] ❌ appstate:mens
[8/1224] ❌ appstate:womens
[9/1224] ❌ arizonastate:mens
[10/1224] ❌ arizonastate:womens
[11/1224] ❌ arkansas-state:mens
[12/1224] ❌ arkansas-state:womens
[13/1224] ❌ auburn:mens
[14/1224] ❌ auburn:womens
[15/1224] ❌ austin-peay:mens
[16/1224] ❌ austin-peay:womens
[17/1224] ❌ ball-state:mens
[18/1224] ❌ ball-state:womens
[19/1224] ❌ baylor:mens
[20/1224] ❌ baylor:womens
[21/1224] ❌ belmont:mens
[22/1224] ❌ belmont:womens
[23/1224] ❌ bethune-cookman:mens
[24/1224] ❌ bethune-cookman:womens
[25/1224] ❌ binghamton:mens
[26/1224] ❌ binghamton:womens
[27/1224] ❌ boise-state:mens
[28/1224] ❌ boise-state:womens
[29/1224] ❌ bostoncollege:mens
[30/1224] ❌ bostoncollege:womens
[31/1224] ❌ boston-university:mens
[32/1224] ❌ boston-university:womens
[33/1224] ❌ bowling-green:mens
[34/1224] ❌ bowling-green:womens
[35/1224] ❌ bradley:mens
[36/1224] ❌ bradley:womens
[37/1224] ❌ byu:mens
[38/1224] ❌ byu:womens
[39/1224] ❌ brown:mens
[40/1224] ❌ brown:womens
[41/1224] ❌ bryant:mens
[42/1224] ❌ bryant:womens
[43/1224] ❌ bucknell:mens
[44/1224] ❌ bucknell:womens
[45/1224] ❌ butler:mens
[46/1224] ❌ butler:womens
[47/1224] ❌ cal-baptist:mens
[48/1224] ❌ cal-baptist:womens
[49/1224] ❌ cal-poly:mens
[50/1224] ❌ cal-poly:womens
[51/1224] ❌ csub:mens
[52/1224] ❌ csub:womens
[53/1224] ❌ fresno-state:mens
[54/1224] ❌ fresno-state:womens
[55/1224] ❌ csuf:mens
[56/1224] ❌ csuf:womens
[57/1224] ❌ csulb:mens
[58/1224] ❌ csulb:womens
[59/1224] ❌ csun:mens
[60/1224] ❌ csun:womens
[61/1224] ❌ campbell:mens
[62/1224] ❌ campbell:womens
[63/1224] ❌ canisius:mens
[64/1224] ❌ canisius:womens
[65/1224] ❌ ccsu:mens
[66/1224] ❌ ccsu:womens
[67/1224] ❌ central-michigan:mens
[68/1224] ❌ central-michigan:womens
[69/1224] ❌ clemson:mens
[70/1224] ❌ clemson:womens
[71/1224] ❌ cleveland-state:mens
[72/1224] ❌ cleveland-state:womens
[73/1224] ❌ coastal:mens
[74/1224] ❌ coastal:womens
[75/1224] ❌ colgate:mens
[76/1224] ❌ colgate:womens
[77/1224] ❌ charleston:mens
[78/1224] ❌ charleston:womens
[79/1224] ❌ holy-cross:mens
[80/1224] ❌ holy-cross:womens
[81/1224] ❌ williamary:mens
[82/1224] ❌ williamary:womens
[83/1224] ❌ colorado-state:mens
[84/1224] ❌ colorado-state:womens
[85/1224] ❌ columbia:mens
[86/1224] ❌ columbia:womens
[87/1224] ❌ coppin-state:mens
[88/1224] ❌ coppin-state:womens
[89/1224] ❌ cornell:mens
[90/1224] ❌ cornell:womens
[91/1224] ❌ creighton:mens
[92/1224] ❌ creighton:womens
[93/1224] ❌ dartmouth:mens
[94/1224] ❌ dartmouth:womens
[95/1224] ❌ davidson:mens
[96/1224] ❌ davidson:womens
[97/1224] ❌ delaware-state:mens
[98/1224] ❌ delaware-state:womens
[99/1224] ❌ depaul:mens
[100/1224] ❌ depaul:womens
[101/1224] ❌ drake:mens
[102/1224] ❌ drake:womens
[103/1224] ❌ drexel:mens
[104/1224] ❌ drexel:womens
[105/1224] ❌ duke:mens
[106/1224] ❌ duke:womens
[107/1224] ❌ duquesne:mens
[108/1224] ❌ duquesne:womens
[109/1224] ❌ etsu:mens
[110/1224] ❌ etsu:womens
[111/1224] ❌ eastern-illinois:mens
[112/1224] ❌ eastern-illinois:womens
[113/1224] ❌ eastern-kentucky:mens
[114/1224] ❌ eastern-kentucky:womens
[115/1224] ❌ eastern-michigan:mens
[116/1224] ❌ eastern-michigan:womens
[117/1224] ❌ ewu:mens
[118/1224] ❌ ewu:womens
[119/1224] ❌ elon:mens
[120/1224] ❌ elon:womens
[121/1224] ❌ fairfield:mens
[122/1224] ❌ fairfield:womens
[123/1224] ❌ fdu:mens
[124/1224] ❌ fdu:womens
[125/1224] ❌ florida-am:mens
[126/1224] ❌ florida-am:womens
[127/1224] ❌ fau:mens
[128/1224] ❌ fau:womens
[129/1224] ❌ fgcu:mens
[130/1224] ❌ fgcu:womens
[131/1224] ❌ fiu:mens
[132/1224] ❌ fiu:womens
[133/1224] ❌ fsu:mens
[134/1224] ❌ fsu:womens
[135/1224] ❌ fordham:mens
[136/1224] ❌ fordham:womens
[137/1224] ❌ furman:mens
[138/1224] ❌ furman:womens
[139/1224] ❌ gardner-webb:mens
[140/1224] ❌ gardner-webb:womens
[141/1224] ❌ george-mason:mens
[142/1224] ❌ george-mason:womens
[143/1224] ❌ gwu:mens
[144/1224] ❌ gwu:womens
[145/1224] ❌ georgetown:mens
[146/1224] ❌ georgetown:womens
[147/1224] ❌ georgia-tech:mens
[148/1224] ❌ georgia-tech:womens
[149/1224] ❌ georgia-southern:mens
[150/1224] ❌ georgia-southern:womens
[151/1224] ❌ georgia-state:mens
[152/1224] ❌ georgia-state:womens
[153/1224] ❌ gonzaga:mens
[154/1224] ❌ gonzaga:womens
[155/1224] ❌ grambling-state:mens
[156/1224] ❌ grambling-state:womens
[157/1224] ❌ grandcanyon:mens
[158/1224] ❌ grandcanyon:womens
[159/1224] ❌ hampton:mens
[160/1224] ❌ hampton:womens
[161/1224] ❌ harvard:mens
[162/1224] ❌ harvard:womens
[163/1224] ❌ highpoint:mens
[164/1224] ❌ highpoint:womens
[165/1224] ❌ hofstra:mens
[166/1224] ❌ hofstra:womens
[167/1224] ❌ howard:mens
[168/1224] ❌ howard:womens
[169/1224] ❌ illinois-state:mens
[170/1224] ❌ illinois-state:womens
[171/1224] ❌ indiana-state:mens
[172/1224] ❌ indiana-state:womens
[173/1224] ❌ indiana:mens
[174/1224] ❌ indiana:womens
[175/1224] ❌ indiana-bloomington:mens
[176/1224] ❌ indiana-bloomington:womens
[177/1224] ❌ iona:mens
[178/1224] ❌ iona:womens
[179/1224] ❌ iowastate:mens
[180/1224] ❌ iowastate:womens
[181/1224] ❌ jackson-state:mens
[182/1224] ❌ jackson-state:womens
[183/1224] ❌ jacksonville-state:mens
[184/1224] ❌ jacksonville-state:womens
[185/1224] ❌ jacksonville:mens
[186/1224] ❌ jacksonville:womens
[187/1224] ❌ jamesmadison:mens
[188/1224] ❌ jamesmadison:womens
[189/1224] ❌ kstate:mens
[190/1224] ❌ kstate:womens
[191/1224] ❌ kennesaw-state:mens
[192/1224] ❌ kennesaw-state:womens
[193/1224] ❌ kent-state:mens
[194/1224] ❌ kent-state:womens
[195/1224] ❌ la-salle:mens
[196/1224] ❌ la-salle:womens
[197/1224] ❌ lafayette:mens
[198/1224] ❌ lafayette:womens
[199/1224] ❌ lamar:mens
[200/1224] ❌ lamar:womens
[201/1224] ❌ lemoyne:mens
[202/1224] ❌ lemoyne:womens
[203/1224] ❌ lehigh:mens
[204/1224] ❌ lehigh:womens
[205/1224] ❌ liberty:mens
[206/1224] ❌ liberty:womens
[207/1224] ❌ lindenwood:mens
[208/1224] ❌ lindenwood:womens
[209/1224] ❌ lipscomb:mens
[210/1224] ❌ lipscomb:womens
[211/1224] ❌ liu:mens
[212/1224] ❌ liu:womens
[213/1224] ❌ longwood:mens
[214/1224] ❌ longwood:womens
[215/1224] ❌ lsu:mens
[216/1224] ❌ lsu:womens
[217/1224] ❌ louisiana-tech:mens
[218/1224] ❌ louisiana-tech:womens
[219/1224] ❌ loyola-marymount:mens
[220/1224] ❌ loyola-marymount:womens
[221/1224] ❌ loyola-maryland:mens
[222/1224] ❌ loyola-maryland:womens
[223/1224] ❌ manhattan:mens
[224/1224] ❌ manhattan:womens
[225/1224] ❌ marist:mens
[226/1224] ❌ marist:womens
[227/1224] ❌ marquette:mens
[228/1224] ❌ marquette:womens
[229/1224] ❌ marshall:mens
[230/1224] ❌ marshall:womens
[231/1224] ❌ mcneese-state:mens
[232/1224] ❌ mcneese-state:womens
[233/1224] ❌ mercer:mens
[234/1224] ❌ mercer:womens
[235/1224] ❌ mercyhurst:mens
[236/1224] ❌ mercyhurst:womens
[237/1224] ❌ merrimack:mens
[238/1224] ❌ merrimack:womens
[239/1224] ❌ miami-ohio:mens
[240/1224] ❌ miami-ohio:womens
[241/1224] ❌ michiganstate:mens
[242/1224] ❌ michiganstate:womens
[243/1224] ❌ mtsu:mens
[244/1224] ❌ mtsu:womens
[245/1224] ❌ missState:mens
[246/1224] ❌ missState:womens
[247/1224] ❌ missouri-state:mens
[248/1224] ❌ missouri-state:womens
[249/1224] ❌ monmouth:mens
[250/1224] ❌ monmouth:womens
[251/1224] ❌ morehead-state:mens
[252/1224] ❌ morehead-state:womens
[253/1224] ❌ morgan-state:mens
[254/1224] ❌ morgan-state:womens
[255/1224] ❌ murray-state:mens
[256/1224] ❌ murray-state:womens
[257/1224] ❌ ncstate:mens
[258/1224] ❌ ncstate:womens
[259/1224] ❌ new-mexico-state:mens
[260/1224] ❌ new-mexico-state:womens
[261/1224] ❌ niagara:mens
[262/1224] ❌ niagara:womens
[263/1224] ❌ nicholls-state:mens
[264/1224] ❌ nicholls-state:womens
[265/1224] ❌ norfolk-state:mens
[266/1224] ❌ norfolk-state:womens
[267/1224] ❌ nccu:mens
[268/1224] ❌ nccu:womens
[269/1224] ❌ ndsu:mens
[270/1224] ❌ ndsu:womens
[271/1224] ❌ northeastern:mens
[272/1224] ❌ northeastern:womens
[273/1224] ❌ northern-illinois:mens
[274/1224] ❌ northern-illinois:womens
[275/1224] ❌ northern-kentucky:mens
[276/1224] ❌ northern-kentucky:womens
[277/1224] ❌ northwestern-state:mens
[278/1224] ❌ northwestern-state:womens
[279/1224] ❌ northwestern:mens
[280/1224] ❌ northwestern:womens
[281/1224] ❌ oakland:mens
[282/1224] ❌ oakland:womens
[283/1224] ❌ ohiostate:mens
[284/1224] ❌ ohiostate:womens
[285/1224] ❌ ohio:mens
[286/1224] ❌ ohio:womens
[287/1224] ❌ okstate:mens
[288/1224] ❌ okstate:womens
[289/1224] ❌ olddominion:mens
[290/1224] ❌ olddominion:womens
[291/1224] ❌ oral-roberts:mens
[292/1224] ❌ oral-roberts:womens
[293/1224] ❌ oregonstate:mens
[294/1224] ❌ oregonstate:womens
[295/1224] ❌ pennstate:mens
[296/1224] ❌ pennstate:womens
[297/1224] ❌ pennsylvania:mens
[298/1224] ❌ pennsylvania:womens
[299/1224] ❌ pepperdine:mens
[300/1224] ❌ pepperdine:womens
[301/1224] ❌ prairie-view:mens
[302/1224] ❌ prairie-view:womens
[303/1224] ❌ presbyterian:mens
[304/1224] ❌ presbyterian:womens
[305/1224] ❌ princeton:mens
[306/1224] ❌ princeton:womens
[307/1224] ❌ providence:mens
[308/1224] ❌ providence:womens
[309/1224] ❌ purdue:mens
[310/1224] ❌ purdue:womens
[311/1224] ❌ queens:mens
[312/1224] ❌ queens:womens
[313/1224] ❌ quinnipiac:mens
[314/1224] ❌ quinnipiac:womens
[315/1224] ❌ radford:mens
[316/1224] ❌ radford:womens
[317/1224] ❌ rider:mens
[318/1224] ❌ rider:womens
[319/1224] ❌ robert-morris:mens
[320/1224] ❌ robert-morris:womens
[321/1224] ❌ rutgers:mens
[322/1224] ❌ rutgers:womens
[323/1224] ❌ rutgers-new-jersey:mens
[324/1224] ❌ rutgers-new-jersey:womens
[325/1224] ❌ sacstate:mens
[326/1224] ❌ sacstate:womens
[327/1224] ❌ sacred-heart:mens
[328/1224] ❌ sacred-heart:womens
[329/1224] ❌ saint-bonaventure:mens
[330/1224] ❌ saint-bonaventure:womens
[331/1224] ❌ saintjoes:mens
[332/1224] ❌ saintjoes:womens
[333/1224] ❌ slu:mens
[334/1224] ❌ slu:womens
[335/1224] ❌ stmarys:mens
[336/1224] ❌ stmarys:womens
[337/1224] ❌ saint-peters:mens
[338/1224] ❌ saint-peters:womens
[339/1224] ❌ sam-houston:mens
[340/1224] ❌ sam-houston:womens
[341/1224] ❌ samford:mens
[342/1224] ❌ samford:womens
[343/1224] ❌ sdsu:mens
[344/1224] ❌ sdsu:womens
[345/1224] ❌ san-jose-state:mens
[346/1224] ❌ san-jose-state:womens
[347/1224] ❌ san-jos:mens
[348/1224] ❌ san-jos:womens
[349/1224] ❌ santaclara:mens
[350/1224] ❌ santaclara:womens
[351/1224] ❌ seton-hall:mens
[352/1224] ❌ seton-hall:womens
[353/1224] ❌ siena:mens
[354/1224] ❌ siena:womens
[355/1224] ❌ sc-state:mens
[356/1224] ❌ sc-state:womens
[357/1224] ❌ south-dakota-state:mens
[358/1224] ❌ south-dakota-state:womens
[359/1224] ❌ se-louisiana:mens
[360/1224] ❌ se-louisiana:womens
[361/1224] ❌ siue:mens
[362/1224] ❌ siue:womens
[363/1224] ❌ smu:mens
[364/1224] ❌ smu:womens
[365/1224] ❌ stjohns:mens
[366/1224] ❌ stjohns:womens
[367/1224] ❌ stanford:mens
[368/1224] ❌ stanford:womens
[369/1224] ❌ stephen-f-austin:mens
[370/1224] ❌ stephen-f-austin:womens
[371/1224] ❌ stony-brook:mens
[372/1224] ❌ stony-brook:womens
[373/1224] ❌ syracuse:mens
[374/1224] ❌ syracuse:womens
[375/1224] ❌ tarleton-state:mens
[376/1224] ❌ tarleton-state:womens
[377/1224] ❌ tennessee-tech:mens
[378/1224] ❌ tennessee-tech:womens
[379/1224] ❌ tamu:mens
[380/1224] ❌ tamu:womens
[381/1224] ❌ tamucc:mens
[382/1224] ❌ tamucc:womens
[383/1224] ❌ tcu:mens
[384/1224] ❌ tcu:womens
[385/1224] ❌ texas-southern:mens
[386/1224] ❌ texas-southern:womens
[387/1224] ❌ texas-1:mens
[388/1224] ❌ texas-1:womens
[389/1224] ❌ towson:mens
[390/1224] ❌ towson:womens
[391/1224] ❌ troy:mens
[392/1224] ❌ troy:womens
[393/1224] ❌ uci:mens
[394/1224] ❌ uci:womens
[395/1224] ❌ ucsb:mens
[396/1224] ❌ ucsb:womens
[397/1224] ❌ ucla:mens
[398/1224] ❌ ucla:womens
[399/1224] ❌ air-force:mens
[400/1224] ❌ air-force:womens
[401/1224] ❌ army:mens
[402/1224] ❌ army:womens
[403/1224] ❌ navy:mens
[404/1224] ❌ navy:womens
[405/1224] ❌ albany:mens
[406/1224] ❌ albany:womens
[407/1224] ❌ buffalo:mens
[408/1224] ❌ buffalo:womens
[409/1224] ❌ akron:mens
[410/1224] ❌ akron:womens
[411/1224] ❌ alabama:mens
[412/1224] ❌ alabama:womens
[413/1224] ❌ uab:mens
[414/1224] ❌ uab:womens
[415/1224] ❌ arizona:mens
[416/1224] ❌ arizona:womens
[417/1224] ❌ arkansas:mens
[418/1224] ❌ arkansas:womens
[419/1224] ❌ little-rock:mens
[420/1224] ❌ little-rock:womens
[421/1224] ❌ cal:mens
[422/1224] ❌ cal:womens
[423/1224] ❌ uc-davis:mens
[424/1224] ❌ uc-davis:womens
[425/1224] ❌ california-los-angeles:mens
[426/1224] ❌ california-los-angeles:womens
[427/1224] ❌ uc-riverside:mens
[428/1224] ❌ uc-riverside:womens
[429/1224] ❌ ucsd:mens
[430/1224] ❌ ucsd:womens
[431/1224] ❌ central-arkansas:mens
[432/1224] ❌ central-arkansas:womens
[433/1224] ❌ ucf:mens
[434/1224] ❌ ucf:womens
[435/1224] ❌ cincinnati:mens
[436/1224] ❌ cincinnati:womens
[437/1224] ❌ colorado:mens
[438/1224] ❌ colorado:womens
[439/1224] ❌ uconn:mens
[440/1224] ❌ uconn:womens
[441/1224] ❌ dayton:mens
[442/1224] ❌ dayton:womens
[443/1224] ❌ delaware:mens
[444/1224] ❌ delaware:womens
[445/1224] ❌ denver:mens
[446/1224] ❌ denver:womens
[447/1224] ❌ detroit-mercy:mens
[448/1224] ❌ detroit-mercy:womens
[449/1224] ❌ evansville:mens
[450/1224] ❌ evansville:womens
[451/1224] ❌ florida:mens
[452/1224] ❌ florida:womens
[453/1224] ❌ georgia:mens
[454/1224] ❌ georgia:womens
[455/1224] ❌ hawaii:mens
[456/1224] ❌ hawaii:womens
[457/1224] ❌ houston:mens
[458/1224] ❌ houston:womens
[459/1224] ❌ illinois:mens
[460/1224] ❌ illinois:womens
[461/1224] ❌ illinois-urbana-champaign:mens
[462/1224] ❌ illinois-urbana-champaign:womens
[463/1224] ❌ iowa:mens
[464/1224] ❌ iowa:womens
[465/1224] ❌ kansas:mens
[466/1224] ❌ kansas:womens
[467/1224] ❌ kentucky:mens
[468/1224] ❌ kentucky:womens
[469/1224] ❌ louisiana:mens
[470/1224] ❌ louisiana:womens
[471/1224] ❌ louisville:mens
[472/1224] ❌ louisville:womens
[473/1224] ❌ maine:mens
[474/1224] ❌ maine:womens
[475/1224] ❌ maryland:mens
[476/1224] ❌ maryland:womens
[477/1224] ❌ umbc:mens
[478/1224] ❌ umbc:womens
[479/1224] ❌ umass:mens
[480/1224] ❌ umass:womens
[481/1224] ❌ umass-lowell:mens
[482/1224] ❌ umass-lowell:womens
[483/1224] ❌ miami:mens
[484/1224] ❌ miami:womens
[485/1224] ❌ michigan:mens
[486/1224] ❌ michigan:womens
[487/1224] ❌ minnesota:mens
[488/1224] ❌ minnesota:womens
[489/1224] ❌ olemiss:mens
[490/1224] ❌ olemiss:womens
[491/1224] ❌ missouri:mens
[492/1224] ❌ missouri:womens
[493/1224] ❌ umkc:mens
[494/1224] ❌ umkc:womens
[495/1224] ❌ nebraska:mens
[496/1224] ❌ nebraska:womens
[497/1224] ❌ nebraska-omaha:mens
[498/1224] ❌ nebraska-omaha:womens
[499/1224] ❌ nebraska-lincoln:mens
[500/1224] ❌ nebraska-lincoln:womens
[501/1224] ❌ nevada:mens
[502/1224] ❌ nevada:womens
[503/1224] ❌ unlv:mens
[504/1224] ❌ unlv:womens
[505/1224] ❌ nevada-reno:mens
[506/1224] ❌ nevada-reno:womens
[507/1224] ❌ new-hampshire:mens
[508/1224] ❌ new-hampshire:womens
[509/1224] ❌ newmexico:mens
[510/1224] ❌ newmexico:womens
[511/1224] ❌ north-alabama:mens
[512/1224] ❌ north-alabama:womens
[513/1224] ❌ unc:mens
[514/1224] ❌ unc:womens
[515/1224] ❌ unca:mens
[516/1224] ❌ unca:womens
[517/1224] ❌ charlotte:mens
[518/1224] ❌ charlotte:womens
[519/1224] ❌ uncg:mens
[520/1224] ❌ uncg:womens
[521/1224] ❌ uncw:mens
[522/1224] ❌ uncw:womens
[523/1224] ❌ north-florida:mens
[524/1224] ❌ north-florida:womens
[525/1224] ❌ northtexas:mens
[526/1224] ❌ northtexas:womens
[527/1224] ❌ northern-iowa:mens
[528/1224] ❌ northern-iowa:womens
[529/1224] ❌ notredame:mens
[530/1224] ❌ notredame:womens
[531/1224] ❌ oklahoma:mens
[532/1224] ❌ oklahoma:womens
[533/1224] ❌ oregon:mens
[534/1224] ❌ oregon:womens
[535/1224] ❌ penn:mens
[536/1224] ❌ penn:womens
[537/1224] ❌ pitt:mens
[538/1224] ❌ pitt:womens
[539/1224] ❌ portland:mens
[540/1224] ❌ portland:womens
[541/1224] ❌ rhode-island:mens
[542/1224] ❌ rhode-island:womens
[543/1224] ❌ richmond:mens
[544/1224] ❌ richmond:womens
[545/1224] ❌ sandiego:mens
[546/1224] ❌ sandiego:womens
[547/1224] ❌ sanfrancisco:mens
[548/1224] ❌ sanfrancisco:womens
[549/1224] ❌ south-alabama:mens
[550/1224] ❌ south-alabama:womens
[551/1224] ❌ southcarolina:mens
[552/1224] ❌ southcarolina:womens
[553/1224] ❌ south-dakota:mens
[554/1224] ❌ south-dakota:womens
[555/1224] ❌ usf:mens
[556/1224] ❌ usf:womens
[557/1224] ❌ usc:mens
[558/1224] ❌ usc:womens
[559/1224] ❌ southern-indiana:mens
[560/1224] ❌ southern-indiana:womens
[561/1224] ❌ st-thomas-mn:mens
[562/1224] ❌ st-thomas-mn:womens
[563/1224] ❌ tennessee:mens
[564/1224] ❌ tennessee:womens
[565/1224] ❌ ut-martin:mens
[566/1224] ❌ ut-martin:womens
[567/1224] ❌ texas:mens
[568/1224] ❌ texas:womens
[569/1224] ❌ utsa:mens
[570/1224] ❌ utsa:womens
[571/1224] ❌ uiw:mens
[572/1224] ❌ uiw:womens
[573/1224] ❌ pacific:mens
[574/1224] ❌ pacific:womens
[575/1224] ❌ toledo:mens
[576/1224] ❌ toledo:womens
[577/1224] ❌ utah:mens
[578/1224] ❌ utah:womens
[579/1224] ❌ vermont:mens
[580/1224] ❌ vermont:womens
[581/1224] ❌ virginia:mens
[582/1224] ❌ virginia:womens
[583/1224] ❌ washington:mens
[584/1224] ❌ washington:womens
[585/1224] ❌ wisconsin:mens
[586/1224] ❌ wisconsin:womens
[587/1224] ❌ uw-green-bay:mens
[588/1224] ❌ uw-green-bay:womens
[589/1224] ❌ uw-milwaukee:mens
[590/1224] ❌ uw-milwaukee:womens
[591/1224] ❌ wisconsin-madison:mens
[592/1224] ❌ wisconsin-madison:womens
[593/1224] ❌ wyoming:mens
[594/1224] ❌ wyoming:womens
[595/1224] ❌ utrgv:mens
[596/1224] ❌ utrgv:womens
[597/1224] ❌ utah-state:mens
[598/1224] ❌ utah-state:womens
[599/1224] ❌ utah-valley:mens
[600/1224] ❌ utah-valley:womens
[601/1224] ❌ valparaiso:mens
[602/1224] ❌ valparaiso:womens
[603/1224] ❌ vanderbilt:mens
[604/1224] ❌ vanderbilt:womens
[605/1224] ❌ villanova:mens
[606/1224] ❌ villanova:womens
[607/1224] ❌ vcu:mens
[608/1224] ❌ vcu:womens
[609/1224] ❌ vmi:mens
[610/1224] ❌ vmi:womens
[611/1224] ❌ virginiatech:mens
[612/1224] ❌ virginiatech:womens
[613/1224] ❌ wagner:mens
[614/1224] ❌ wagner:womens
[615/1224] ❌ wakeforest:mens
[616/1224] ❌ wakeforest:womens
[617/1224] ❌ washington-1:mens
[618/1224] ❌ washington-1:womens
[619/1224] ❌ wvu:mens
[620/1224] ❌ wvu:womens
[621/1224] ❌ western-carolina:mens
[622/1224] ❌ western-carolina:womens
[623/1224] ❌ western-illinois:mens
[624/1224] ❌ western-illinois:womens
[625/1224] ❌ western-kentucky:mens
[626/1224] ❌ western-kentucky:womens
[627/1224] ❌ western-michigan:mens
[628/1224] ❌ western-michigan:womens
[629/1224] ❌ winthrop:mens
[630/1224] ❌ winthrop:womens
[631/1224] ❌ wofford:mens
[632/1224] ❌ wofford:womens
[633/1224] ❌ wright-state:mens
[634/1224] ❌ wright-state:womens
[635/1224] ❌ xavier:mens
[636/1224] ❌ xavier:womens
[637/1224] ❌ yale:mens
[638/1224] ❌ yale:womens
[639/1224] ❌ adams-state:mens
[640/1224] ❌ adams-state:womens
[641/1224] ❌ adelphi:mens
[642/1224] ❌ adelphi:womens
[643/1224] ❌ tampa2:mens
[644/1224] ❌ tampa2:womens
[645/1224] ❌ anderson-sc:mens
[646/1224] ❌ anderson-sc:womens
[647/1224] ❌ ashland:mens
[648/1224] ❌ ashland:womens
[649/1224] ❌ assumption:mens
[650/1224] ❌ assumption:womens
[651/1224] ❌ auburn-montgomery:mens
[652/1224] ❌ auburn-montgomery:womens
[653/1224] ❌ azusa-pacific:mens
[654/1224] ❌ azusa-pacific:womens
[655/1224] ❌ barry:mens
[656/1224] ❌ barry:womens
[657/1224] ❌ belmont-abbey:mens
[658/1224] ❌ belmont-abbey:womens
[659/1224] ❌ bemidji-state:mens
[660/1224] ❌ bemidji-state:womens
[661/1224] ❌ bentley:mens
[662/1224] ❌ bentley:womens
[663/1224] ❌ calpolyPomona:mens
[664/1224] ❌ calpolyPomona:womens
[665/1224] ❌ cal-state-humboldt:mens
[666/1224] ❌ cal-state-humboldt:womens
[667/1224] ❌ cal-state-dominguez:mens
[668/1224] ❌ cal-state-dominguez:womens
[669/1224] ❌ cal-state-east-bay:mens
[670/1224] ❌ cal-state-east-bay:womens
[671/1224] ❌ cal-state-la:mens
[672/1224] ❌ cal-state-la:womens
[673/1224] ❌ cal-state-monterey-bay:mens
[674/1224] ❌ cal-state-monterey-bay:womens
[675/1224] ❌ cal-state-san-bernardino:mens
[676/1224] ❌ cal-state-san-bernardino:womens
[677/1224] ❌ cal-state-san-marcos:mens
[678/1224] ❌ cal-state-san-marcos:womens
[679/1224] ❌ carsonNewman:mens
[680/1224] ❌ carsonNewman:womens
[681/1224] ❌ catawba:mens
[682/1224] ❌ catawba:womens
[683/1224] ❌ cedarville:mens
[684/1224] ❌ cedarville:womens
[685/1224] ❌ christian-brothers:mens
[686/1224] ❌ christian-brothers:womens
[687/1224] ❌ colorado-christian:mens
[688/1224] ❌ colorado-christian:womens
[689/1224] ❌ mines:mens
[690/1224] ❌ mines:womens
[691/1224] ❌ csu-pueblo:mens
[692/1224] ❌ csu-pueblo:womens
[693/1224] ❌ commonwealth-pa:mens
[694/1224] ❌ commonwealth-pa:womens
[695/1224] ❌ concord:mens
[696/1224] ❌ concord:womens
[697/1224] ❌ concordia-st-paul:mens
[698/1224] ❌ concordia-st-paul:womens
[699/1224] ❌ dallas-baptist:mens
[700/1224] ❌ dallas-baptist:womens
[701/1224] ❌ davenport:mens
[702/1224] ❌ davenport:womens
[703/1224] ❌ delta-state:mens
[704/1224] ❌ delta-state:womens
[705/1224] ❌ dominican-ny:mens
[706/1224] ❌ dominican-ny:womens
[707/1224] ❌ dominican-ca:mens
[708/1224] ❌ dominican-ca:womens
[709/1224] ❌ drury:mens
[710/1224] ❌ drury:womens
[711/1224] ❌ east-stroudsburg:mens
[712/1224] ❌ east-stroudsburg:womens
[713/1224] ❌ enmu:mens
[714/1224] ❌ enmu:womens
[715/1224] ❌ eckerd:mens
[716/1224] ❌ eckerd:womens
[717/1224] ❌ embry-riddle:mens
[718/1224] ❌ embry-riddle:womens
[719/1224] ❌ fairmont-state:mens
[720/1224] ❌ fairmont-state:womens
[721/1224] ❌ ferris-state:mens
[722/1224] ❌ ferris-state:womens
[723/1224] ❌ flagler:mens
[724/1224] ❌ flagler:womens
[725/1224] ❌ florida-tech:mens
[726/1224] ❌ florida-tech:womens
[727/1224] ❌ floridasouthern:mens
[728/1224] ❌ floridasouthern:womens
[729/1224] ❌ fort-hays-state:mens
[730/1224] ❌ fort-hays-state:womens
[731/1224] ❌ fortlewis:mens
[732/1224] ❌ fortlewis:womens
[733/1224] ❌ francis-marion:mens
[734/1224] ❌ francis-marion:womens
[735/1224] ❌ franklinpierce:mens
[736/1224] ❌ franklinpierce:womens
[737/1224] ❌ gannon:mens
[738/1224] ❌ gannon:womens
[739/1224] ❌ georgia-southwestern:mens
[740/1224] ❌ georgia-southwestern:womens
[741/1224] ❌ gvsu:mens
[742/1224] ❌ gvsu:womens
[743/1224] ❌ harding:mens
[744/1224] ❌ harding:womens
[745/1224] ❌ henderson-state:mens
[746/1224] ❌ henderson-state:womens
[747/1224] ❌ iup:mens
[748/1224] ❌ iup:womens
[749/1224] ❌ kentucky-wesleyan:mens
[750/1224] ❌ kentucky-wesleyan:womens
[751/1224] ❌ king-tn:mens
[752/1224] ❌ king-tn:womens
[753/1224] ❌ kutztown:mens
[754/1224] ❌ kutztown:womens
[755/1224] ❌ lander:mens
[756/1224] ❌ lander:womens
[757/1224] ❌ leniorrhyne:mens
[758/1224] ❌ leniorrhyne:womens
[759/1224] ❌ lewis:mens
[760/1224] ❌ lewis:womens
[761/1224] ❌ limestone:mens
[762/1224] ❌ limestone:womens
[763/1224] ❌ lmu:mens
[764/1224] ❌ lmu:womens
[765/1224] ❌ lynn:mens
[766/1224] ❌ lynn:womens
[767/1224] ❌ malone:mens
[768/1224] ❌ malone:womens
[769/1224] ❌ metro-state:mens
[770/1224] ❌ metro-state:womens
[771/1224] ❌ mwstate:mens
[772/1224] ❌ mwstate:womens
[773/1224] ❌ millersville:mens
[774/1224] ❌ millersville:womens
[775/1224] ❌ minnStateMankato:mens
[776/1224] ❌ minnStateMankato:womens
[777/1224] ❌ mst:mens
[778/1224] ❌ mst:womens
[779/1224] ❌ nm-highlands:mens
[780/1224] ❌ nm-highlands:womens
[781/1224] ❌ nyit:mens
[782/1224] ❌ nyit:womens
[783/1224] ❌ newberry:mens
[784/1224] ❌ newberry:womens
[785/1224] ❌ north-greenville:mens
[786/1224] ❌ north-greenville:womens
[787/1224] ❌ northwestNazarene:mens
[788/1224] ❌ northwestNazarene:womens
[789/1224] ❌ nova-southeastern:mens
[790/1224] ❌ nova-southeastern:womens
[791/1224] ❌ ohio-dominican:mens
[792/1224] ❌ ohio-dominican:womens
[793/1224] ❌ ouachita-baptist:mens
[794/1224] ❌ ouachita-baptist:womens
[795/1224] ❌ pace:mens
[796/1224] ❌ pace:womens
[797/1224] ❌ plnu:mens
[798/1224] ❌ plnu:womens
[799/1224] ❌ rockhurst:mens
[800/1224] ❌ rockhurst:womens
[801/1224] ❌ rollins:mens
[802/1224] ❌ rollins:womens
[803/1224] ❌ saintanselm:mens
[804/1224] ❌ saintanselm:womens
[805/1224] ❌ saint-leo:mens
[806/1224] ❌ saint-leo:womens
[807/1224] ❌ saintmartin:mens
[808/1224] ❌ saintmartin:womens
[809/1224] ❌ spu:mens
[810/1224] ❌ spu:womens
[811/1224] ❌ setonhill:mens
[812/1224] ❌ setonhill:womens
[813/1224] ❌ shippensburg:mens
[814/1224] ❌ shippensburg:womens
[815/1224] ❌ slippery-rock:mens
[816/1224] ❌ slippery-rock:womens
[817/1224] ❌ sonoma-state:mens
[818/1224] ❌ sonoma-state:womens
[819/1224] ❌ southern-connecticut:mens
[820/1224] ❌ southern-connecticut:womens
[821/1224] ❌ snhu:mens
[822/1224] ❌ snhu:womens
[823/1224] ❌ spring-hill:mens
[824/1224] ❌ spring-hill:womens
[825/1224] ❌ stCloudState:mens
[826/1224] ❌ stCloudState:womens
[827/1224] ❌ st-marys-tx:mens
[828/1224] ❌ st-marys-tx:womens
[829/1224] ❌ st-thomas-aquinas:mens
[830/1224] ❌ st-thomas-aquinas:womens
[831/1224] ❌ sul-ross:mens
[832/1224] ❌ sul-ross:womens
[833/1224] ❌ saintRose:mens
[834/1224] ❌ saintRose:womens
[835/1224] ❌ tiffin:mens
[836/1224] ❌ tiffin:womens
[837/1224] ❌ trumanstate:mens
[838/1224] ❌ trumanstate:womens
[839/1224] ❌ tusculum:mens
[840/1224] ❌ tusculum:womens
[841/1224] ❌ union-tn:mens
[842/1224] ❌ union-tn:womens
[843/1224] ❌ centralMissouri:mens
[844/1224] ❌ centralMissouri:womens
[845/1224] ❌ central-oklahoma:mens
[846/1224] ❌ central-oklahoma:womens
[847/1224] ❌ findlay:mens
[848/1224] ❌ findlay:womens
[849/1224] ❌ indianapolisU:mens
[850/1224] ❌ indianapolisU:womens
[851/1224] ❌ umn-duluth:mens
[852/1224] ❌ umn-duluth:womens
[853/1224] ❌ montevallo:mens
[854/1224] ❌ montevallo:womens
[855/1224] ❌ nebraska-kearney:mens
[856/1224] ❌ nebraska-kearney:womens
[857/1224] ❌ northGeorgia:mens
[858/1224] ❌ northGeorgia:womens
[859/1224] ❌ tampa:mens
[860/1224] ❌ tampa:womens
[861/1224] ❌ ut-dallas:mens
[862/1224] ❌ ut-dallas:womens
[863/1224] ❌ ut-tyler:mens
[864/1224] ❌ ut-tyler:womens
[865/1224] ❌ west-alabama:mens
[866/1224] ❌ west-alabama:womens
[867/1224] ❌ west-florida:mens
[868/1224] ❌ west-florida:womens
[869/1224] ❌ valdostaState:mens
[870/1224] ❌ valdostaState:womens
[871/1224] ❌ walsh:mens
[872/1224] ❌ walsh:womens
[873/1224] ❌ washburn:mens
[874/1224] ❌ washburn:womens
[875/1224] ❌ westchester:mens
[876/1224] ❌ westchester:womens
[877/1224] ❌ wtamu:mens
[878/1224] ❌ wtamu:womens
[879/1224] ❌ wv-wesleyan:mens
[880/1224] ❌ wv-wesleyan:womens
[881/1224] ❌ western-colorado:mens
[882/1224] ❌ western-colorado:womens
[883/1224] ❌ wwu:mens
[884/1224] ❌ wwu:womens
[885/1224] ❌ wingate:mens
[886/1224] ❌ wingate:womens
[887/1224] ❌ winona-state:mens
[888/1224] ❌ winona-state:womens
[889/1224] ❌ young-harris:mens
[890/1224] ❌ young-harris:womens
[891/1224] ❌ adrian-college:mens
[892/1224] ❌ adrian-college:womens
[893/1224] ❌ albion-college:mens
[894/1224] ❌ albion-college:womens
[895/1224] ❌ albright-college:mens
[896/1224] ❌ albright-college:womens
[897/1224] ❌ alfred-university:mens
[898/1224] ❌ alfred-university:womens
[899/1224] ❌ alma-college:mens
[900/1224] ❌ alma-college:womens
[901/1224] ❌ amherst:mens
[902/1224] ❌ amherst:womens
[903/1224] ❌ augustana-college-il:mens
[904/1224] ❌ augustana-college-il:womens
[905/1224] ❌ austin-college:mens
[906/1224] ❌ austin-college:womens
[907/1224] ❌ babson-college:mens
[908/1224] ❌ babson-college:womens
[909/1224] ❌ bates:mens
[910/1224] ❌ bates:womens
[911/1224] ❌ berry-college:mens
[912/1224] ❌ berry-college:womens
[913/1224] ❌ bethel-university-mn:mens
[914/1224] ❌ bethel-university-mn:womens
[915/1224] ❌ bowdoin:mens
[916/1224] ❌ bowdoin:womens
[917/1224] ❌ brandeis:mens
[918/1224] ❌ brandeis:womens
[919/1224] ❌ bridgewater-college-va:mens
[920/1224] ❌ bridgewater-college-va:womens
[921/1224] ❌ bridgewater-state:mens
[922/1224] ❌ bridgewater-state:womens
[923/1224] ❌ brynmawr:mens
[924/1224] ❌ brynmawr:womens
[925/1224] ❌ caltech:mens
[926/1224] ❌ caltech:womens
[927/1224] ❌ calvin:mens
[928/1224] ❌ calvin:womens
[929/1224] ❌ capital-university:mens
[930/1224] ❌ capital-university:womens
[931/1224] ❌ carleton:mens
[932/1224] ❌ carleton:womens
[933/1224] ❌ carnegieMellon:mens
[934/1224] ❌ carnegieMellon:womens
[935/1224] ❌ cwru:mens
[936/1224] ❌ cwru:womens
[937/1224] ❌ central-college-ia:mens
[938/1224] ❌ central-college-ia:womens
[939/1224] ❌ centre-college:mens
[940/1224] ❌ centre-college:womens
[941/1224] ❌ chapman:mens
[942/1224] ❌ chapman:womens
[943/1224] ❌ cnu:mens
[944/1224] ❌ cnu:womens
[945/1224] ❌ cms:mens
[946/1224] ❌ cms:womens
[947/1224] ❌ clark-university:mens
[948/1224] ❌ clark-university:womens
[949/1224] ❌ colby:mens
[950/1224] ❌ colby:womens
[951/1224] ❌ colorado-college:mens
[952/1224] ❌ colorado-college:womens
[953/1224] ❌ concordia-college-mn:mens
[954/1224] ❌ concordia-college-mn:womens
[955/1224] ❌ conncoll:mens
[956/1224] ❌ conncoll:womens
[957/1224] ❌ denison:mens
[958/1224] ❌ denison:womens
[959/1224] ❌ depauw:mens
[960/1224] ❌ depauw:womens
[961/1224] ❌ dickinson:mens
[962/1224] ❌ dickinson:womens
[963/1224] ❌ drew-university:mens
[964/1224] ❌ drew-university:womens
[965/1224] ❌ eastern-connecticut-state:mens
[966/1224] ❌ eastern-connecticut-state:womens
[967/1224] ❌ elizabethtown-college:mens
[968/1224] ❌ elizabethtown-college:womens
[969/1224] ❌ emory:mens
[970/1224] ❌ emory:womens
[971/1224] ❌ fdu-florham:mens
[972/1224] ❌ fdu-florham:womens
[973/1224] ❌ franklinMarshall:mens
[974/1224] ❌ franklinMarshall:womens
[975/1224] ❌ george-fox-university:mens
[976/1224] ❌ george-fox-university:womens
[977/1224] ❌ gettysburg:mens
[978/1224] ❌ gettysburg:womens
[979/1224] ❌ gordon-college:mens
[980/1224] ❌ gordon-college:womens
[981/1224] ❌ goucher-college:mens
[982/1224] ❌ goucher-college:womens
[983/1224] ❌ guilford-college:mens
[984/1224] ❌ guilford-college:womens
[985/1224] ❌ gustavus:mens
[986/1224] ❌ gustavus:womens
[987/1224] ❌ hamilton:mens
[988/1224] ❌ hamilton:womens
[989/1224] ❌ hamline-university:mens
[990/1224] ❌ hamline-university:womens
[991/1224] ❌ hardinSimmons:mens
[992/1224] ❌ hardinSimmons:womens
[993/1224] ❌ hartwick-college:mens
[994/1224] ❌ hartwick-college:womens
[995/1224] ❌ haverford:mens
[996/1224] ❌ haverford:womens
[997/1224] ❌ heidelberg-university:mens
[998/1224] ❌ heidelberg-university:womens
[999/1224] ❌ hobart-and-william-smith:mens
[1000/1224] ❌ hobart-and-william-smith:womens
[1001/1224] ❌ hood-college:mens
[1002/1224] ❌ hood-college:womens
[1003/1224] ❌ hope:mens
[1004/1224] ❌ hope:womens
[1005/1224] ❌ illinois-wesleyan-university:mens
[1006/1224] ❌ illinois-wesleyan-university:womens
[1007/1224] ❌ ithaca:mens
[1008/1224] ❌ ithaca:womens
[1009/1224] ❌ john-carroll-university:mens
[1010/1224] ❌ john-carroll-university:womens
[1011/1224] ❌ jhu:mens
[1012/1224] ❌ jhu:womens
[1013/1224] ❌ kalamazoo-college:mens
[1014/1224] ❌ kalamazoo-college:womens
[1015/1224] ❌ kean-university:mens
[1016/1224] ❌ kean-university:womens
[1017/1224] ❌ kenyon:mens
[1018/1224] ❌ kenyon:womens
[1019/1224] ❌ lagrange-college:mens
[1020/1224] ❌ lagrange-college:womens
[1021/1224] ❌ lebanon-valley-college:mens
[1022/1224] ❌ lebanon-valley-college:womens
[1023/1224] ❌ lewis-and-clark-college:mens
[1024/1224] ❌ lewis-and-clark-college:womens
[1025/1224] ❌ linfield-university:mens
[1026/1224] ❌ linfield-university:womens
[1027/1224] ❌ loras:mens
[1028/1224] ❌ loras:womens
[1029/1224] ❌ luther-college:mens
[1030/1224] ❌ luther-college:womens
[1031/1224] ❌ lycoming:mens
[1032/1224] ❌ lycoming:womens
[1033/1224] ❌ macalester:mens
[1034/1224] ❌ macalester:womens
[1035/1224] ❌ mhbu:mens
[1036/1224] ❌ mhbu:womens
[1037/1224] ❌ mit:mens
[1038/1224] ❌ mit:womens
[1039/1224] ❌ mcdaniel-college:mens
[1040/1224] ❌ mcdaniel-college:womens
[1041/1224] ❌ messiah:mens
[1042/1224] ❌ messiah:womens
[1043/1224] ❌ methodist-university:mens
[1044/1224] ❌ methodist-university:womens
[1045/1224] ❌ middlebury:mens
[1046/1224] ❌ middlebury:womens
[1047/1224] ❌ millsaps-college:mens
[1048/1224] ❌ millsaps-college:womens
[1049/1224] ❌ montclair-state-university:mens
[1050/1224] ❌ montclair-state-university:womens
[1051/1224] ❌ moravian-university:mens
[1052/1224] ❌ moravian-university:womens
[1053/1224] ❌ muhlenberg:mens
[1054/1224] ❌ muhlenberg:womens
[1055/1224] ❌ nazareth-college:mens
[1056/1224] ❌ nazareth-college:womens
[1057/1224] ❌ nyu:mens
[1058/1224] ❌ nyu:womens
[1059/1224] ❌ north-central-college:mens
[1060/1224] ❌ north-central-college:womens
[1061/1224] ❌ occidental:mens
[1062/1224] ❌ occidental:womens
[1063/1224] ❌ oglethorpe-university:mens
[1064/1224] ❌ oglethorpe-university:womens
[1065/1224] ❌ ohio-northern-university:mens
[1066/1224] ❌ ohio-northern-university:womens
[1067/1224] ❌ ohioWesleyan:mens
[1068/1224] ❌ ohioWesleyan:womens
[1069/1224] ❌ olivet-college:mens
[1070/1224] ❌ olivet-college:womens
[1071/1224] ❌ otterbein:mens
[1072/1224] ❌ otterbein:womens
[1073/1224] ❌ pacific-lutheran-university:mens
[1074/1224] ❌ pacific-lutheran-university:womens
[1075/1224] ❌ pacific-university:mens
[1076/1224] ❌ pacific-university:womens
[1077/1224] ❌ pomona:mens
[1078/1224] ❌ pomona:womens
[1079/1224] ❌ ramapo-college:mens
[1080/1224] ❌ ramapo-college:womens
[1081/1224] ❌ randolph-macon-college:mens
[1082/1224] ❌ randolph-macon-college:womens
[1083/1224] ❌ rpi:mens
[1084/1224] ❌ rpi:womens
[1085/1224] ❌ rhodes-college:mens
[1086/1224] ❌ rhodes-college:womens
[1087/1224] ❌ roanoke-college:mens
[1088/1224] ❌ roanoke-college:womens
[1089/1224] ❌ rit:mens
[1090/1224] ❌ rit:womens
[1091/1224] ❌ roger-williams-university:mens
[1092/1224] ❌ roger-williams-university:womens
[1093/1224] ❌ rowan:mens
[1094/1224] ❌ rowan:womens
[1095/1224] ❌ rutgers-camden:mens
[1096/1224] ❌ rutgers-camden:womens
[1097/1224] ❌ salisbury-university:mens
[1098/1224] ❌ salisbury-university:womens
[1099/1224] ❌ salve-regina-university:mens
[1100/1224] ❌ salve-regina-university:womens
[1101/1224] ❌ simpson-college:mens
[1102/1224] ❌ simpson-college:womens
[1103/1224] ❌ skidmore:mens
[1104/1224] ❌ skidmore:womens
[1105/1224] ❌ smith:mens
[1106/1224] ❌ smith:womens
[1107/1224] ❌ springfield-college:mens
[1108/1224] ❌ springfield-college:womens
[1109/1224] ❌ st-john-fisher-college:mens
[1110/1224] ❌ st-john-fisher-college:womens
[1111/1224] ❌ st-lawrence-university:mens
[1112/1224] ❌ st-lawrence-university:womens
[1113/1224] ❌ stolaf:mens
[1114/1224] ❌ stolaf:womens
[1115/1224] ❌ stevens:mens
[1116/1224] ❌ stevens:womens
[1117/1224] ❌ suny-brockport:mens
[1118/1224] ❌ suny-brockport:womens
[1119/1224] ❌ cortland:mens
[1120/1224] ❌ cortland:womens
[1121/1224] ❌ suny-geneseo:mens
[1122/1224] ❌ suny-geneseo:womens
[1123/1224] ❌ suny-new-paltz:mens
[1124/1224] ❌ suny-new-paltz:womens
[1125/1224] ❌ suny-oswego:mens
[1126/1224] ❌ suny-oswego:womens
[1127/1224] ❌ suny-plattsburgh:mens
[1128/1224] ❌ suny-plattsburgh:womens
[1129/1224] ❌ susquehanna-university:mens
[1130/1224] ❌ susquehanna-university:womens
[1131/1224] ❌ swarthmore:mens
[1132/1224] ❌ swarthmore:womens
[1133/1224] ❌ texas-lutheran-university:mens
[1134/1224] ❌ texas-lutheran-university:womens
[1135/1224] ❌ college-of-new-jersey:mens
[1136/1224] ❌ college-of-new-jersey:womens
[1137/1224] ❌ transylvania-university:mens
[1138/1224] ❌ transylvania-university:womens
[1139/1224] ❌ trinityHartford:mens
[1140/1224] ❌ trinityHartford:womens
[1141/1224] ❌ trinitytx:mens
[1142/1224] ❌ trinitytx:womens
[1143/1224] ❌ tufts:mens
[1144/1224] ❌ tufts:womens
[1145/1224] ❌ union-college:mens
[1146/1224] ❌ union-college:womens
[1147/1224] ❌ uchicago:mens
[1148/1224] ❌ uchicago:womens
[1149/1224] ❌ university-of-dallas:mens
[1150/1224] ❌ university-of-dallas:womens
[1151/1224] ❌ university-of-dubuque:mens
[1152/1224] ❌ university-of-dubuque:womens
[1153/1224] ❌ lynchburg:mens
[1154/1224] ❌ lynchburg:womens
[1155/1224] ❌ umass-boston:mens
[1156/1224] ❌ umass-boston:womens
[1157/1224] ❌ umass-dartmouth:mens
[1158/1224] ❌ umass-dartmouth:womens
[1159/1224] ❌ mount-union:mens
[1160/1224] ❌ mount-union:womens
[1161/1224] ❌ rochester:mens
[1162/1224] ❌ rochester:womens
[1163/1224] ❌ university-of-southern-maine:mens
[1164/1224] ❌ university-of-southern-maine:womens
[1165/1224] ❌ sewanee:mens
[1166/1224] ❌ sewanee:womens
[1167/1224] ❌ wisconsin-eau-claire:mens
[1168/1224] ❌ wisconsin-eau-claire:womens
[1169/1224] ❌ wisconsin-la-crosse:mens
[1170/1224] ❌ wisconsin-la-crosse:womens
[1171/1224] ❌ wisconsin-oshkosh:mens
[1172/1224] ❌ wisconsin-oshkosh:womens
[1173/1224] ❌ wisconsin-platteville:mens
[1174/1224] ❌ wisconsin-platteville:womens
[1175/1224] ❌ wisconsin-river-falls:mens
[1176/1224] ❌ wisconsin-river-falls:womens
[1177/1224] ❌ wisconsin-stevens-point:mens
[1178/1224] ❌ wisconsin-stevens-point:womens
[1179/1224] ❌ wisconsin-stout:mens
[1180/1224] ❌ wisconsin-stout:womens
[1181/1224] ❌ wisconsin-whitewater:mens
[1182/1224] ❌ wisconsin-whitewater:womens
[1183/1224] ❌ ursinus-college:mens
[1184/1224] ❌ ursinus-college:womens
[1185/1224] ❌ utica-university:mens
[1186/1224] ❌ utica-university:womens
[1187/1224] ❌ vassar:mens
[1188/1224] ❌ vassar:womens
[1189/1224] ❌ virginia-wesleyan-university:mens
[1190/1224] ❌ virginia-wesleyan-university:womens
[1191/1224] ❌ wabash:mens
[1192/1224] ❌ wabash:womens
[1193/1224] ❌ wartburg-college:mens
[1194/1224] ❌ wartburg-college:womens
[1195/1224] ❌ wlu:mens
[1196/1224] ❌ wlu:womens
[1197/1224] ❌ washcoll:mens
[1198/1224] ❌ washcoll:womens
[1199/1224] ❌ washu:mens
[1200/1224] ❌ washu:womens
[1201/1224] ❌ wesleyan:mens
[1202/1224] ❌ wesleyan:womens
[1203/1224] ❌ wheaton:mens
[1204/1224] ❌ wheaton:womens
[1205/1224] ❌ whitman-college:mens
[1206/1224] ❌ whitman-college:womens
[1207/1224] ❌ whitworth-university:mens
[1208/1224] ❌ whitworth-university:womens
[1209/1224] ❌ willamette-university:mens
[1210/1224] ❌ willamette-university:womens
[1211/1224] ❌ williams:mens
[1212/1224] ❌ williams:womens
[1213/1224] ❌ wittenberg:mens
[1214/1224] ❌ wittenberg:womens
[1215/1224] ❌ york-college-pa:mens
[1216/1224] ❌ york-college-pa:womens
[1217/1224] ❌ tulsa:mens
[1218/1224] ❌ tulsa:womens
[1219/1224] ❌ bridgeport:mens
[1220/1224] ❌ bridgeport:womens
[1221/1224] ❌ quincy:mens
[1222/1224] ❌ quincy:womens
[1223/1224] ❌ tcnj:mens
[1224/1224] ❌ tcnj:womens

Done — ok:0 miss:1224
Budget spend: $1.1630
